==================================================
🚀 ApexOne Status Checker 統合ログファイル
==================================================
作成日時: 2025-09-01 18:50:00
説明: ステータスチェック、ログチェック、ウイルスパターン抽出の統合ログ

==================================================
📊 ステータスチェック履歴 (apexone_status_log.csv)
==================================================
実行日時,結果,詳細,対象製品数,有効製品数
2025-08-21 15:13:28,OK,全製品が有効,4,1
2025-08-21 17:57:24,OK,全製品が有効,4,1
2025-08-21 17:58:26,OK,全製品が有効,4,1
2025-08-21 19:28:21,OK,全製品が有効,4,1
2025-08-21 19:35:18,OK,全製品が有効,4,1
2025-08-21 21:13:39,OK,全製品が有効,4,1
2025-08-21 21:21:58,OK,全製品が有効,4,1
2025-08-21 21:28:35,OK,全製品が有効,4,1
2025-08-25 09:54:37,OK,全製品が有効,4,1
2025-08-25 12:10:07,OK,全製品が有効,4,1
2025-08-25 12:18:33,OK,全製品が有効,4,1
2025-08-25 12:22:33,OK,全製品が有効,4,1
2025-08-25 17:52:58,OK,全製品が有効,4,1
2025-08-25 17:56:16,OK,全製品が有効,4,1
2025-08-25 18:00:18,OK,全製品が有効,4,1
2025-08-25 18:03:04,OK,全製品が有効,4,1
2025-08-25 18:16:04,OK,全製品が有効,4,1
2025-08-26 10:00:55,OK,全製品が有効,4,1
2025-08-27 09:01:32,OK,全製品が有効,4,1
2025-08-28 09:01:36,OK,全製品が有効,4,1
2025-08-29 09:01:09,OK,全製品が有効,4,1
2025-08-29 15:30:17,OK,全製品が有効,4,1
2025-08-29 15:33:43,OK,全製品が有効,4,1
2025-08-29 18:28:06,OK,全製品が有効,4,1
2025-08-29 18:32:57,OK,全製品が有効,4,1
2025-08-30 09:01:05,OK,全製品が有効,4,1
2025-09-01 10:00:13,OK,全製品が有効,4,1
2025-09-01 17:59:49,OK,全製品が有効,4,1
2025-09-01 18:23:09,OK,全製品が有効,4,1
2025-09-01 18:36:26,OK,全製品が有効,4,1
2025-09-01 18:48:58,OK,全製品が有効,4,1

==================================================
📋 ログチェック履歴 (apexone_log_checker.log)
==================================================
[2025-09-01 17:49:15] ApexOne Log Checker 開始
[2025-09-01 17:49:15] サーバーアクセス開始: https://pcvtmu53:4343/officescan/
[2025-09-01 17:49:44] サーバー pcvtmu53: 2025/09/01 17:49:30	PCVTMU53	ユーザ「tad.asahi-np.co.jp\1040120」が次の役割を使用してログインしました: ゲストユーザ (ビルトイン)。
[2025-09-01 17:49:46] サーバーアクセス開始: https://pcvtmu54:4343/officescan/
[2025-09-01 17:50:07] サーバー pcvtmu54: 2025/09/01 17:49:56	PCVTMU54	ユーザ「tad.asahi-np.co.jp\1040120」が次の役割を使用してログインしました: ゲストユーザ (ビルトイン)。
[2025-09-01 17:50:07] 処理完了: 成功 2/2 サーバー
[2025-09-01 17:50:07] システムイベントログの取得が完了しました
[2025-09-01 17:50:07] ApexOne Log Checker 終了
[2025-09-01 17:56:15] ApexOne Log Checker 開始
[2025-09-01 17:56:15] サーバーアクセス開始: https://pcvtmu53:4343/officescan/
[2025-09-01 17:56:43] サーバー pcvtmu53: 2025/09/01 17:56:25	PCVTMU53	ユーザ「tad.asahi-np.co.jp\1040120」が次の役割を使用してログインしました: ゲストユーザ (ビルトイン)。
[2025-09-01 17:56:45] サーバーアクセス開始: https://pcvtmu54:4343/officescan/
[2025-09-01 17:57:11] サーバー pcvtmu54: 2025/09/01 17:57:01	PCVTMU54	ユーザ「root」が次の役割を使用してログインしました: 管理者 (ビルトイン)。
[2025-09-01 17:57:11] 処理完了: 成功 2/2 サーバー
[2025-09-01 17:59:52] ApexOne Log Checker 開始
[2025-09-01 17:59:52] サーバーアクセス開始: https://pcvtmu53:4343/officescan/
[2025-09-01 18:00:13] サーバー pcvtmu53: 2025/09/01 18:00:02	PCVTMU53	ユーザ「tad.asahi-np.co.jp\1040120」が次の役割を使用してログインしました: ゲストユーザ (ビルトイン)。
[2025-09-01 18:00:15] サーバーアクセス開始: https://pcvtmu54:4343/officescan/
[2025-09-01 18:00:38] サーバー pcvtmu54: 2025/09/01 18:00:26	PCVTMU54	ユーザ「tad.asahi-np.co.jp\1040120」が次の役割を使用してログインしました: ゲストユーザ (ビルトイン)。
[2025-09-01 18:00:38] 処理完了: 成功 2/2 サーバー
[2025-09-01 18:23:12] ApexOne Log Checker 開始
[2025-09-01 18:23:12] サーバーアクセス開始: https://pcvtmu53:4343/officescan/
[2025-09-01 18:23:39] サーバー pcvtmu53: 2025/09/01 18:23:24	PCVTMU53	ユーザ「tad.asahi-np.co.jp\1040120」が次の役割を使用してログインしました: ゲストユーザ (ビルトイン)。
[2025-09-01 18:23:42] サーバーアクセス開始: https://pcvtmu54:4343/officescan/
[2025-09-01 18:24:07] サーバー pcvtmu54: 2025/09/01 18:23:49	PCVTMU54	ユーザ「tad.asahi-np.co.jp\1040120」が次の役割を使用してログインしました: ゲストユーザ (ビルトイン)。
[2025-09-01 18:24:07] 処理完了: 成功 2/2 サーバー
[2025-09-01 18:36:29] ApexOne Log Checker 開始
[2025-09-01 18:36:29] サーバーアクセス開始: https://pcvtmu53:4343/officescan/
[2025-09-01 18:37:07] サーバー pcvtmu53: 2025/09/01 18:36:38	PCVTMU53	ユーザ「tad.asahi-np.co.jp\1040120」が次の役割を使用してログインしました: ゲストユーザ (ビルトイン)。
[2025-09-01 18:37:09] サーバーアクセス開始: https://pcvtmu54:4343/officescan/
[2025-09-01 18:37:34] サーバー pcvtmu54: 2025/09/01 18:37:20	PCVTMU54	ユーザ「tad.asahi-np.co.jp\1040120」が次の役割を使用してログインしました: ゲストユーザ (ビルトイン)。
[2025-09-01 18:37:34] 処理完了: 成功 2/2 サーバー
[2025-09-01 18:49:02] ApexOne Log Checker 開始
[2025-09-01 18:49:02] サーバーアクセス開始: https://pcvtmu53:4343/officescan/
[2025-09-01 18:49:30] サーバー pcvtmu53: 2025/09/01 18:49:24	PCVTMU53	ユーザ「tad.asahi-np.co.jp\1040120」が次の役割を使用してログインしました: ゲストユーザ (ビルトイン)。
[2025-09-01 18:49:32] サーバーアクセス開始: https://pcvtmu54:4343/officescan/
[2025-09-01 18:49:57] サーバー pcvtmu54: 2025/09/01 18:49:42	PCVTMU54	ユーザ「tad.asahi-np.co.jp\1040120」が次の役割を使用してログインしました: ゲストユーザ (ビルトイン)。
[2025-09-01 18:49:57] 処理完了: 成功 2/2 サーバー

==================================================
🦠 ウイルスパターンファイル抽出履歴 (virus_pattern_extraction.log)
==================================================
=== 2025-08-22 19:45:31 ===
概要ステータス結果: OK
=== ウイルスパターンファイル行 1 ===
要素テキスト: ウイルスパターンファイル
行全体: ウイルスパターンファイル
--------------------------------------------------

=== 2025-08-25 09:54:37 ===
概要ステータス結果: OK
=== ウイルスパターンファイル行 1 ===
要素テキスト: ウイルスパターンファイル
行全体: ウイルスパターンファイル
--------------------------------------------------

=== 2025-08-25 12:10:07 ===
概要ステータス結果: OK
=== ウイルスパターンファイル行 1 ===
要素テキスト: ウイルスパターンファイル
行全体: ウイルスパターンファイル
--------------------------------------------------

=== 2025-08-25 12:22:33 ===
概要ステータス結果: OK
=== ウイルスパターンファイル行 1 ===
要素テキスト: ウイルスパターンファイル
親要素テキスト: ウイルスパターンファイル
上位要素テキスト: ウイルスパターンファイル20.413.802025/08/25 午前 07:46:32
行全体テキスト: ウイルスパターンファイル20.413.802025/08/25 午前 07:46:32
--------------------------------------------------

=== 2025-08-25 17:52:58 ===
概要ステータス結果: OK
=== ウイルスパターンファイル行 1 ===
要素テキスト: ウイルスパターンファイル
親要素テキスト: ウイルスパターンファイル
上位要素テキスト: ウイルスパターンファイル20.413.802025/08/25 午前 07:46:32
行全体テキスト: ウイルスパターンファイル20.413.802025/08/25 午前 07:46:32
--------------------------------------------------

=== 2025-08-25 17:56:16 ===
概要ステータス結果: OK
=== ウイルスパターンファイル行 1 ===
要素テキスト: ウイルスパターンファイル
親要素テキスト: ウイルスパターンファイル
上位要素テキスト: ウイルスパターンファイル20.413.802025/08/25 午前 07:46:32
行全体テキスト: ウイルスパターンファイル20.413.802025/08/25 午前 07:46:32
--------------------------------------------------

=== 2025-08-25 18:00:18 ===
概要ステータス結果: OK
=== ウイルスパターンファイル行 1 ===
要素テキスト: ウイルスパターンファイル
親要素テキスト: ウイルスパターンファイル
上位要素テキスト: ウイルスパターンファイル20.413.802025/08/25 午前 07:46:32
行全体テキスト: ウイルスパターンファイル20.413.802025/08/25 午前 07:46:32
--------------------------------------------------

=== 2025-08-25 18:03:04 ===
概要ステータス結果: OK
=== ウイルスパターンファイル行 1 ===
要素テキスト: ウイルスパターンファイル
親要素テキスト: ウイルスパターンファイル
上位要素テキスト: ウイルスパターンファイル20.413.802025/08/25 午前 07:46:32
行全体テキスト: ウイルスパターンファイル20.413.802025/08/25 午前 07:46:32
--------------------------------------------------

=== 2025-08-25 18:16:04 ===
概要ステータス結果: OK
=== ウイルスパターンファイル行 1 ===
要素テキスト: ウイルスパターンファイル
親要素テキスト: ウイルスパターンファイル
上位要素テキスト: ウイルスパターンファイル20.413.802025/08/25 午前 07:46:32
行全体テキスト: ウイルスパターンファイル20.413.802025/08/25 午前 07:46:32
--------------------------------------------------

=== 2025-08-26 10:00:55 ===
概要ステータス結果: OK
=== ウイルスパターンファイル行 1 ===
要素テキスト: ウイルスパターンファイル
親要素テキスト: ウイルスパターンファイル
上位要素テキスト: ウイルスパターンファイル20.415.802025/08/26 午前 07:12:42
行全体テキスト: ウイルスパターンファイル20.415.802025/08/26 午前 07:12:42
--------------------------------------------------

=== 2025-08-27 09:01:32 ===
概要ステータス結果: OK
=== ウイルスパターンファイル行 1 ===
要素テキスト: ウイルスパターンファイル
親要素テキスト: ウイルスパターンファイル
上位要素テキスト: ウイルスパターンファイル20.417.802025/08/27 午前 07:43:06
行全体テキスト: ウイルスパターンファイル20.417.802025/08/27 午前 07:43:06
--------------------------------------------------

==================================================
📊 統合サマリー
==================================================
📈 ステータスチェック実行回数: 31回 (成功率: 100%)
📋 ログチェック実行回数: 7回 (成功率: 100%)
🦠 ウイルスパターン抽出実行回数: 10回 (成功率: 100%)

📅 最新実行状況:
- ステータスチェック: 2025-09-01 18:48:58 (OK)
- ログチェック: 2025-09-01 18:49:57 (成功 2/2 サーバー)
- ウイルスパターン抽出: 2025-08-27 09:01:32 (OK)

🎯 対象サーバー:
- PCVTMU53: https://pcvtmu53:4343/officescan/
- PCVTMU54: https://pcvtmu54:4343/officescan/

🔍 監視対象製品:
- PCVTMU54_OSCE: ✅ 有効
- PCVTMU53_OSCE: ✅ 有効
- PCVTMU54_TMSM: ✅ 有効
- PCVTMU53_TMSM: ✅ 有効

==================================================
🏁 統合ログファイル終了
==================================================
