[2025-09-01 17:49:15] ApexOne Log Checker 開始
[2025-09-01 17:49:15] サーバーアクセス開始: https://pcvtmu53:4343/officescan/
[2025-09-01 17:49:44] サーバー pcvtmu53: 2025/09/01 17:49:30	PCVTMU53	ユーザ「tad.asahi-np.co.jp\1040120」が次の役割を使用してログインしました: ゲストユーザ (ビルトイン)。
[2025-09-01 17:49:46] サーバーアクセス開始: https://pcvtmu54:4343/officescan/
[2025-09-01 17:50:07] サーバー pcvtmu54: 2025/09/01 17:49:56	PCVTMU54	ユーザ「tad.asahi-np.co.jp\1040120」が次の役割を使用してログインしました: ゲストユーザ (ビルトイン)。
[2025-09-01 17:50:07] 処理完了: 成功 2/2 サーバー
[2025-09-01 17:50:07] システムイベントログの取得が完了しました
[2025-09-01 17:50:07] ApexOne Log Checker 終了
[2025-09-01 17:56:15] ApexOne Log Checker 開始
[2025-09-01 17:56:15] サーバーアクセス開始: https://pcvtmu53:4343/officescan/
[2025-09-01 17:56:43] サーバー pcvtmu53: 2025/09/01 17:56:25	PCVTMU53	ユーザ「tad.asahi-np.co.jp\1040120」が次の役割を使用してログインしました: ゲストユーザ (ビルトイン)。
[2025-09-01 17:56:45] サーバーアクセス開始: https://pcvtmu54:4343/officescan/
[2025-09-01 17:57:11] サーバー pcvtmu54: 2025/09/01 17:57:01	PCVTMU54	ユーザ「root」が次の役割を使用してログインしました: 管理者 (ビルトイン)。
[2025-09-01 17:57:11] 処理完了: 成功 2/2 サーバー
[2025-09-01 17:59:52] ApexOne Log Checker 開始
[2025-09-01 17:59:52] サーバーアクセス開始: https://pcvtmu53:4343/officescan/
[2025-09-01 18:00:13] サーバー pcvtmu53: 2025/09/01 18:00:02	PCVTMU53	ユーザ「tad.asahi-np.co.jp\1040120」が次の役割を使用してログインしました: ゲストユーザ (ビルトイン)。
[2025-09-01 18:00:15] サーバーアクセス開始: https://pcvtmu54:4343/officescan/
[2025-09-01 18:00:38] サーバー pcvtmu54: 2025/09/01 18:00:26	PCVTMU54	ユーザ「tad.asahi-np.co.jp\1040120」が次の役割を使用してログインしました: ゲストユーザ (ビルトイン)。
[2025-09-01 18:00:38] 処理完了: 成功 2/2 サーバー
[2025-09-01 18:23:12] ApexOne Log Checker 開始
[2025-09-01 18:23:12] サーバーアクセス開始: https://pcvtmu53:4343/officescan/
[2025-09-01 18:23:39] サーバー pcvtmu53: 2025/09/01 18:23:24	PCVTMU53	ユーザ「tad.asahi-np.co.jp\1040120」が次の役割を使用してログインしました: ゲストユーザ (ビルトイン)。
[2025-09-01 18:23:42] サーバーアクセス開始: https://pcvtmu54:4343/officescan/
[2025-09-01 18:24:07] サーバー pcvtmu54: 2025/09/01 18:23:49	PCVTMU54	ユーザ「tad.asahi-np.co.jp\1040120」が次の役割を使用してログインしました: ゲストユーザ (ビルトイン)。
[2025-09-01 18:24:07] 処理完了: 成功 2/2 サーバー
[2025-09-01 18:36:29] ApexOne Log Checker 開始
[2025-09-01 18:36:29] サーバーアクセス開始: https://pcvtmu53:4343/officescan/
[2025-09-01 18:37:07] サーバー pcvtmu53: 2025/09/01 18:36:38	PCVTMU53	ユーザ「tad.asahi-np.co.jp\1040120」が次の役割を使用してログインしました: ゲストユーザ (ビルトイン)。
[2025-09-01 18:37:09] サーバーアクセス開始: https://pcvtmu54:4343/officescan/
[2025-09-01 18:37:34] サーバー pcvtmu54: 2025/09/01 18:37:20	PCVTMU54	ユーザ「tad.asahi-np.co.jp\1040120」が次の役割を使用してログインしました: ゲストユーザ (ビルトイン)。
[2025-09-01 18:37:34] 処理完了: 成功 2/2 サーバー
[2025-09-01 18:49:02] ApexOne Log Checker 開始
[2025-09-01 18:49:02] サーバーアクセス開始: https://pcvtmu53:4343/officescan/
[2025-09-01 18:49:30] サーバー pcvtmu53: 2025/09/01 18:49:24	PCVTMU53	ユーザ「tad.asahi-np.co.jp\1040120」が次の役割を使用してログインしました: ゲストユーザ (ビルトイン)。
[2025-09-01 18:49:32] サーバーアクセス開始: https://pcvtmu54:4343/officescan/
[2025-09-01 18:49:57] サーバー pcvtmu54: 2025/09/01 18:49:42	PCVTMU54	ユーザ「tad.asahi-np.co.jp\1040120」が次の役割を使用してログインしました: ゲストユーザ (ビルトイン)。
[2025-09-01 18:49:57] 処理完了: 成功 2/2 サーバー
