
=== 2025-08-22 19:45:31 ===
概要ステータス結果: OK
=== ウイルスパターンファイル行 1 ===
要素テキスト: ウイルスパターンファイル
行全体: ウイルスパターンファイル
--------------------------------------------------

=== 2025-08-25 09:54:37 ===
概要ステータス結果: OK
=== ウイルスパターンファイル行 1 ===
要素テキスト: ウイルスパターンファイル
行全体: ウイルスパターンファイル
--------------------------------------------------

=== 2025-08-25 12:10:07 ===
概要ステータス結果: OK
=== ウイルスパターンファイル行 1 ===
要素テキスト: ウイルスパターンファイル
行全体: ウイルスパターンファイル
--------------------------------------------------

=== 2025-08-25 12:22:33 ===
概要ステータス結果: OK
=== ウイルスパターンファイル行 1 ===
要素テキスト: ウイルスパターンファイル
親要素テキスト: ウイルスパターンファイル
上位要素テキスト: ウイルスパターンファイル20.413.802025/08/25 午前 07:46:32
行全体テキスト: ウイルスパターンファイル20.413.802025/08/25 午前 07:46:32
テーブル情報: ファイアウォールパターンファイル103632023/09/13 午前 07:07:44ダメージクリーンナップテンプレート16342024/09/03 午前 07:54:29ウイルスパターンファイル20.413.802025/08/25 午前 07:46:32仮想パッチパターンファイル180492023/07/12 午前 06:42:45挙動監視ポリシーの説明1.253.002023/07/07 午後 07:26:52ブラウザ脆弱性対策パターンファイル7.5.15552023/07/07 午後 07:27:21ELAMパターンファイル (64ビット)482025/06/18 午前 07:08:48ELAMパターンファイル (32ビット)482025/06/18 午前 07:08:41挙動監視検出パターンファイル (32ビット)4.425.002025/08/20 午前 07:19:23挙動監視設定パターンファイル1.235.002023/07/07 午後 07:26:47ポリシー施行パターンファイル1.253.002023/07/07 午後 07:26:52デジタル署名パターンファイル2.069.002025/08/24 午前 07:20:11情報漏えい対策アプリケーションパターンファイル1015272025/08/19 午後 01:00:44ダメージリカバリパターンファイル170022023/07/07 午後 07:27:09CIパターンファイル1.032.002023/07/07 午後 06:04:24グレー検出パターンファイル (64ビット)000036642023/07/07 午後 06:05:00グレー検出パターンファイル (32ビット)000036002023/07/07 午後 06:05:00スマートスキャンエージェントパターンファイル20.413.002025/08/25 午前 07:42:38メモリ検索実行パターンファイル (32ビット)0.017.002023/07/07 午後 07:27:00メモリ検索実行パターンファイル (64ビット)0.017.642023/07/07 午後 07:27:04グローバルC&C IPリスト1.10235.002023/07/07 午後 07:27:12適合度ルールパターンファイル (検査パターンファイル)1.10915.002023/09/28 午前 07:32:50スクリプトアナライザ共通パターンファイル193913.0.02025/08/08 午前 07:20:41メモリ検査パターンファイル1.584.002023/07/07 午後 07:25:48挙動監視検出パターンファイル (64ビット)4.425.642025/08/20 午前 07:19:33脅威追跡パターンファイル (32ビット)1508002025/08/20 午前 07:20:06脅威追跡パターンファイル (64ビット)1508642025/08/20 午前 07:20:11スパイウェア/グレーウェアパターンファイル2.865.002025/08/22 午前 07:10:58IntelliTrapパターンファイル0.253.002023/07/07 午後 07:25:27Webレピュテーションエンドポイントパターンファイル13000002023/07/07 午後 07:27:27Webレピュテーションエンドポイントパターンファイル (差分)12000322023/07/13 午後 06:38:01プログラム検査監視パターンファイル2931252025/08/14 午前 07:17:03IntelliTrap除外パターンファイル2.367.002025/08/20 午前 07:19:00高度な脅威相関パターンファイル1.112.002023/07/07 午後 07:26:03高度な脅威テレメトリパターンファイル3.230.002023/07/07 午後 06:05:00機械学習型検索ローカルモデル (ファイル検出)3.351.002025/08/25 午前 07:47:32スパイウェア/グレーウェアパターンファイル v.628.652025/08/22 午前 07:10:20
--------------------------------------------------

=== 2025-08-25 17:52:58 ===
概要ステータス結果: OK
=== ウイルスパターンファイル行 1 ===
要素テキスト: ウイルスパターンファイル
親要素テキスト: ウイルスパターンファイル
上位要素テキスト: ウイルスパターンファイル20.413.802025/08/25 午前 07:46:32
行全体テキスト: ウイルスパターンファイル20.413.802025/08/25 午前 07:46:32
テーブル情報: ファイアウォールパターンファイル103632023/09/13 午前 07:07:44ダメージクリーンナップテンプレート16342024/09/03 午前 07:54:29ウイルスパターンファイル20.413.802025/08/25 午前 07:46:32仮想パッチパターンファイル180492023/07/12 午前 06:42:45挙動監視ポリシーの説明1.253.002023/07/07 午後 07:26:52ブラウザ脆弱性対策パターンファイル7.5.15552023/07/07 午後 07:27:21ELAMパターンファイル (64ビット)482025/06/18 午前 07:08:48ELAMパターンファイル (32ビット)482025/06/18 午前 07:08:41挙動監視検出パターンファイル (32ビット)4.425.002025/08/20 午前 07:19:23挙動監視設定パターンファイル1.235.002023/07/07 午後 07:26:47ポリシー施行パターンファイル1.253.002023/07/07 午後 07:26:52デジタル署名パターンファイル2.069.002025/08/24 午前 07:20:11情報漏えい対策アプリケーションパターンファイル1015272025/08/19 午後 01:00:44ダメージリカバリパターンファイル170022023/07/07 午後 07:27:09CIパターンファイル1.032.002023/07/07 午後 06:04:24グレー検出パターンファイル (64ビット)000036642023/07/07 午後 06:05:00グレー検出パターンファイル (32ビット)000036002023/07/07 午後 06:05:00スマートスキャンエージェントパターンファイル20.413.002025/08/25 午前 07:42:38メモリ検索実行パターンファイル (32ビット)0.017.002023/07/07 午後 07:27:00メモリ検索実行パターンファイル (64ビット)0.017.642023/07/07 午後 07:27:04グローバルC&C IPリスト1.10235.002023/07/07 午後 07:27:12適合度ルールパターンファイル (検査パターンファイル)1.10915.002023/09/28 午前 07:32:50スクリプトアナライザ共通パターンファイル193913.0.02025/08/08 午前 07:20:41メモリ検査パターンファイル1.584.002023/07/07 午後 07:25:48挙動監視検出パターンファイル (64ビット)4.425.642025/08/20 午前 07:19:33脅威追跡パターンファイル (32ビット)1508002025/08/20 午前 07:20:06脅威追跡パターンファイル (64ビット)1508642025/08/20 午前 07:20:11スパイウェア/グレーウェアパターンファイル2.865.002025/08/22 午前 07:10:58IntelliTrapパターンファイル0.253.002023/07/07 午後 07:25:27Webレピュテーションエンドポイントパターンファイル13000002023/07/07 午後 07:27:27Webレピュテーションエンドポイントパターンファイル (差分)12000322023/07/13 午後 06:38:01プログラム検査監視パターンファイル2931252025/08/14 午前 07:17:03IntelliTrap除外パターンファイル2.367.002025/08/20 午前 07:19:00高度な脅威相関パターンファイル1.112.002023/07/07 午後 07:26:03高度な脅威テレメトリパターンファイル3.230.002023/07/07 午後 06:05:00機械学習型検索ローカルモデル (ファイル検出)3.351.002025/08/25 午前 07:47:32スパイウェア/グレーウェアパターンファイル v.628.652025/08/22 午前 07:10:20
--------------------------------------------------

=== 2025-08-25 17:56:16 ===
概要ステータス結果: OK
=== ウイルスパターンファイル行 1 ===
要素テキスト: ウイルスパターンファイル
親要素テキスト: ウイルスパターンファイル
上位要素テキスト: ウイルスパターンファイル20.413.802025/08/25 午前 07:46:32
行全体テキスト: ウイルスパターンファイル20.413.802025/08/25 午前 07:46:32
テーブル情報: ファイアウォールパターンファイル103632023/09/13 午前 07:07:44ダメージクリーンナップテンプレート16342024/09/03 午前 07:54:29ウイルスパターンファイル20.413.802025/08/25 午前 07:46:32仮想パッチパターンファイル180492023/07/12 午前 06:42:45挙動監視ポリシーの説明1.253.002023/07/07 午後 07:26:52ブラウザ脆弱性対策パターンファイル7.5.15552023/07/07 午後 07:27:21ELAMパターンファイル (64ビット)482025/06/18 午前 07:08:48ELAMパターンファイル (32ビット)482025/06/18 午前 07:08:41挙動監視検出パターンファイル (32ビット)4.425.002025/08/20 午前 07:19:23挙動監視設定パターンファイル1.235.002023/07/07 午後 07:26:47ポリシー施行パターンファイル1.253.002023/07/07 午後 07:26:52デジタル署名パターンファイル2.069.002025/08/24 午前 07:20:11情報漏えい対策アプリケーションパターンファイル1015272025/08/19 午後 01:00:44ダメージリカバリパターンファイル170022023/07/07 午後 07:27:09CIパターンファイル1.032.002023/07/07 午後 06:04:24グレー検出パターンファイル (64ビット)000036642023/07/07 午後 06:05:00グレー検出パターンファイル (32ビット)000036002023/07/07 午後 06:05:00スマートスキャンエージェントパターンファイル20.413.002025/08/25 午前 07:42:38メモリ検索実行パターンファイル (32ビット)0.017.002023/07/07 午後 07:27:00メモリ検索実行パターンファイル (64ビット)0.017.642023/07/07 午後 07:27:04グローバルC&C IPリスト1.10235.002023/07/07 午後 07:27:12適合度ルールパターンファイル (検査パターンファイル)1.10915.002023/09/28 午前 07:32:50スクリプトアナライザ共通パターンファイル193913.0.02025/08/08 午前 07:20:41メモリ検査パターンファイル1.584.002023/07/07 午後 07:25:48挙動監視検出パターンファイル (64ビット)4.425.642025/08/20 午前 07:19:33脅威追跡パターンファイル (32ビット)1508002025/08/20 午前 07:20:06脅威追跡パターンファイル (64ビット)1508642025/08/20 午前 07:20:11スパイウェア/グレーウェアパターンファイル2.865.002025/08/22 午前 07:10:58IntelliTrapパターンファイル0.253.002023/07/07 午後 07:25:27Webレピュテーションエンドポイントパターンファイル13000002023/07/07 午後 07:27:27Webレピュテーションエンドポイントパターンファイル (差分)12000322023/07/13 午後 06:38:01プログラム検査監視パターンファイル2931252025/08/14 午前 07:17:03IntelliTrap除外パターンファイル2.367.002025/08/20 午前 07:19:00高度な脅威相関パターンファイル1.112.002023/07/07 午後 07:26:03高度な脅威テレメトリパターンファイル3.230.002023/07/07 午後 06:05:00機械学習型検索ローカルモデル (ファイル検出)3.351.002025/08/25 午前 07:47:32スパイウェア/グレーウェアパターンファイル v.628.652025/08/22 午前 07:10:20
--------------------------------------------------

=== 2025-08-25 18:00:18 ===
概要ステータス結果: OK
=== ウイルスパターンファイル行 1 ===
要素テキスト: ウイルスパターンファイル
親要素テキスト: ウイルスパターンファイル
上位要素テキスト: ウイルスパターンファイル20.413.802025/08/25 午前 07:46:32
行全体テキスト: ウイルスパターンファイル20.413.802025/08/25 午前 07:46:32
テーブル情報: ファイアウォールパターンファイル103632023/09/13 午前 07:07:44ダメージクリーンナップテンプレート16342024/09/03 午前 07:54:29ウイルスパターンファイル20.413.802025/08/25 午前 07:46:32仮想パッチパターンファイル180492023/07/12 午前 06:42:45挙動監視ポリシーの説明1.253.002023/07/07 午後 07:26:52ブラウザ脆弱性対策パターンファイル7.5.15552023/07/07 午後 07:27:21ELAMパターンファイル (64ビット)482025/06/18 午前 07:08:48ELAMパターンファイル (32ビット)482025/06/18 午前 07:08:41挙動監視検出パターンファイル (32ビット)4.425.002025/08/20 午前 07:19:23挙動監視設定パターンファイル1.235.002023/07/07 午後 07:26:47ポリシー施行パターンファイル1.253.002023/07/07 午後 07:26:52デジタル署名パターンファイル2.069.002025/08/24 午前 07:20:11情報漏えい対策アプリケーションパターンファイル1015272025/08/19 午後 01:00:44ダメージリカバリパターンファイル170022023/07/07 午後 07:27:09CIパターンファイル1.032.002023/07/07 午後 06:04:24グレー検出パターンファイル (64ビット)000036642023/07/07 午後 06:05:00グレー検出パターンファイル (32ビット)000036002023/07/07 午後 06:05:00スマートスキャンエージェントパターンファイル20.413.002025/08/25 午前 07:42:38メモリ検索実行パターンファイル (32ビット)0.017.002023/07/07 午後 07:27:00メモリ検索実行パターンファイル (64ビット)0.017.642023/07/07 午後 07:27:04グローバルC&C IPリスト1.10235.002023/07/07 午後 07:27:12適合度ルールパターンファイル (検査パターンファイル)1.10915.002023/09/28 午前 07:32:50スクリプトアナライザ共通パターンファイル193913.0.02025/08/08 午前 07:20:41メモリ検査パターンファイル1.584.002023/07/07 午後 07:25:48挙動監視検出パターンファイル (64ビット)4.425.642025/08/20 午前 07:19:33脅威追跡パターンファイル (32ビット)1508002025/08/20 午前 07:20:06脅威追跡パターンファイル (64ビット)1508642025/08/20 午前 07:20:11スパイウェア/グレーウェアパターンファイル2.865.002025/08/22 午前 07:10:58IntelliTrapパターンファイル0.253.002023/07/07 午後 07:25:27Webレピュテーションエンドポイントパターンファイル13000002023/07/07 午後 07:27:27Webレピュテーションエンドポイントパターンファイル (差分)12000322023/07/13 午後 06:38:01プログラム検査監視パターンファイル2931252025/08/14 午前 07:17:03IntelliTrap除外パターンファイル2.367.002025/08/20 午前 07:19:00高度な脅威相関パターンファイル1.112.002023/07/07 午後 07:26:03高度な脅威テレメトリパターンファイル3.230.002023/07/07 午後 06:05:00機械学習型検索ローカルモデル (ファイル検出)3.351.002025/08/25 午前 07:47:32スパイウェア/グレーウェアパターンファイル v.628.652025/08/22 午前 07:10:20
--------------------------------------------------

=== 2025-08-25 18:03:04 ===
概要ステータス結果: OK
=== ウイルスパターンファイル行 1 ===
要素テキスト: ウイルスパターンファイル
親要素テキスト: ウイルスパターンファイル
上位要素テキスト: ウイルスパターンファイル20.413.802025/08/25 午前 07:46:32
行全体テキスト: ウイルスパターンファイル20.413.802025/08/25 午前 07:46:32
テーブル情報: ファイアウォールパターンファイル103632023/09/13 午前 07:07:44ダメージクリーンナップテンプレート16342024/09/03 午前 07:54:29ウイルスパターンファイル20.413.802025/08/25 午前 07:46:32仮想パッチパターンファイル180492023/07/12 午前 06:42:45挙動監視ポリシーの説明1.253.002023/07/07 午後 07:26:52ブラウザ脆弱性対策パターンファイル7.5.15552023/07/07 午後 07:27:21ELAMパターンファイル (64ビット)482025/06/18 午前 07:08:48ELAMパターンファイル (32ビット)482025/06/18 午前 07:08:41挙動監視検出パターンファイル (32ビット)4.425.002025/08/20 午前 07:19:23挙動監視設定パターンファイル1.235.002023/07/07 午後 07:26:47ポリシー施行パターンファイル1.253.002023/07/07 午後 07:26:52デジタル署名パターンファイル2.069.002025/08/24 午前 07:20:11情報漏えい対策アプリケーションパターンファイル1015272025/08/19 午後 01:00:44ダメージリカバリパターンファイル170022023/07/07 午後 07:27:09CIパターンファイル1.032.002023/07/07 午後 06:04:24グレー検出パターンファイル (64ビット)000036642023/07/07 午後 06:05:00グレー検出パターンファイル (32ビット)000036002023/07/07 午後 06:05:00スマートスキャンエージェントパターンファイル20.413.002025/08/25 午前 07:42:38メモリ検索実行パターンファイル (32ビット)0.017.002023/07/07 午後 07:27:00メモリ検索実行パターンファイル (64ビット)0.017.642023/07/07 午後 07:27:04グローバルC&C IPリスト1.10235.002023/07/07 午後 07:27:12適合度ルールパターンファイル (検査パターンファイル)1.10915.002023/09/28 午前 07:32:50スクリプトアナライザ共通パターンファイル193913.0.02025/08/08 午前 07:20:41メモリ検査パターンファイル1.584.002023/07/07 午後 07:25:48挙動監視検出パターンファイル (64ビット)4.425.642025/08/20 午前 07:19:33脅威追跡パターンファイル (32ビット)1508002025/08/20 午前 07:20:06脅威追跡パターンファイル (64ビット)1508642025/08/20 午前 07:20:11スパイウェア/グレーウェアパターンファイル2.865.002025/08/22 午前 07:10:58IntelliTrapパターンファイル0.253.002023/07/07 午後 07:25:27Webレピュテーションエンドポイントパターンファイル13000002023/07/07 午後 07:27:27Webレピュテーションエンドポイントパターンファイル (差分)12000322023/07/13 午後 06:38:01プログラム検査監視パターンファイル2931252025/08/14 午前 07:17:03IntelliTrap除外パターンファイル2.367.002025/08/20 午前 07:19:00高度な脅威相関パターンファイル1.112.002023/07/07 午後 07:26:03高度な脅威テレメトリパターンファイル3.230.002023/07/07 午後 06:05:00機械学習型検索ローカルモデル (ファイル検出)3.351.002025/08/25 午前 07:47:32スパイウェア/グレーウェアパターンファイル v.628.652025/08/22 午前 07:10:20
--------------------------------------------------

=== 2025-08-25 18:16:04 ===
概要ステータス結果: OK
=== ウイルスパターンファイル行 1 ===
要素テキスト: ウイルスパターンファイル
親要素テキスト: ウイルスパターンファイル
上位要素テキスト: ウイルスパターンファイル20.413.802025/08/25 午前 07:46:32
行全体テキスト: ウイルスパターンファイル20.413.802025/08/25 午前 07:46:32
テーブル情報: ファイアウォールパターンファイル103632023/09/13 午前 07:07:44ダメージクリーンナップテンプレート16342024/09/03 午前 07:54:29ウイルスパターンファイル20.413.802025/08/25 午前 07:46:32仮想パッチパターンファイル180492023/07/12 午前 06:42:45挙動監視ポリシーの説明1.253.002023/07/07 午後 07:26:52ブラウザ脆弱性対策パターンファイル7.5.15552023/07/07 午後 07:27:21ELAMパターンファイル (64ビット)482025/06/18 午前 07:08:48ELAMパターンファイル (32ビット)482025/06/18 午前 07:08:41挙動監視検出パターンファイル (32ビット)4.425.002025/08/20 午前 07:19:23挙動監視設定パターンファイル1.235.002023/07/07 午後 07:26:47ポリシー施行パターンファイル1.253.002023/07/07 午後 07:26:52デジタル署名パターンファイル2.069.002025/08/24 午前 07:20:11情報漏えい対策アプリケーションパターンファイル1015272025/08/19 午後 01:00:44ダメージリカバリパターンファイル170022023/07/07 午後 07:27:09CIパターンファイル1.032.002023/07/07 午後 06:04:24グレー検出パターンファイル (64ビット)000036642023/07/07 午後 06:05:00グレー検出パターンファイル (32ビット)000036002023/07/07 午後 06:05:00スマートスキャンエージェントパターンファイル20.413.002025/08/25 午前 07:42:38メモリ検索実行パターンファイル (32ビット)0.017.002023/07/07 午後 07:27:00メモリ検索実行パターンファイル (64ビット)0.017.642023/07/07 午後 07:27:04グローバルC&C IPリスト1.10235.002023/07/07 午後 07:27:12適合度ルールパターンファイル (検査パターンファイル)1.10915.002023/09/28 午前 07:32:50スクリプトアナライザ共通パターンファイル193913.0.02025/08/08 午前 07:20:41メモリ検査パターンファイル1.584.002023/07/07 午後 07:25:48挙動監視検出パターンファイル (64ビット)4.425.642025/08/20 午前 07:19:33脅威追跡パターンファイル (32ビット)1508002025/08/20 午前 07:20:06脅威追跡パターンファイル (64ビット)1508642025/08/20 午前 07:20:11スパイウェア/グレーウェアパターンファイル2.865.002025/08/22 午前 07:10:58IntelliTrapパターンファイル0.253.002023/07/07 午後 07:25:27Webレピュテーションエンドポイントパターンファイル13000002023/07/07 午後 07:27:27Webレピュテーションエンドポイントパターンファイル (差分)12000322023/07/13 午後 06:38:01プログラム検査監視パターンファイル2931252025/08/14 午前 07:17:03IntelliTrap除外パターンファイル2.367.002025/08/20 午前 07:19:00高度な脅威相関パターンファイル1.112.002023/07/07 午後 07:26:03高度な脅威テレメトリパターンファイル3.230.002023/07/07 午後 06:05:00機械学習型検索ローカルモデル (ファイル検出)3.351.002025/08/25 午前 07:47:32スパイウェア/グレーウェアパターンファイル v.628.652025/08/22 午前 07:10:20
--------------------------------------------------

=== 2025-08-26 10:00:55 ===
概要ステータス結果: OK
=== ウイルスパターンファイル行 1 ===
要素テキスト: ウイルスパターンファイル
親要素テキスト: ウイルスパターンファイル
上位要素テキスト: ウイルスパターンファイル20.415.802025/08/26 午前 07:12:42
行全体テキスト: ウイルスパターンファイル20.415.802025/08/26 午前 07:12:42
テーブル情報: ファイアウォールパターンファイル103632023/09/13 午前 07:07:44ダメージクリーンナップテンプレート16342024/09/03 午前 07:54:29ウイルスパターンファイル20.415.802025/08/26 午前 07:12:42仮想パッチパターンファイル180492023/07/12 午前 06:42:45挙動監視ポリシーの説明1.253.002023/07/07 午後 07:26:52ブラウザ脆弱性対策パターンファイル7.5.15552023/07/07 午後 07:27:21ELAMパターンファイル (64ビット)482025/06/18 午前 07:08:48ELAMパターンファイル (32ビット)482025/06/18 午前 07:08:41挙動監視検出パターンファイル (32ビット)4.429.002025/08/26 午前 07:13:02挙動監視設定パターンファイル1.235.002023/07/07 午後 07:26:47ポリシー施行パターンファイル1.253.002023/07/07 午後 07:26:52デジタル署名パターンファイル2.069.002025/08/24 午前 07:20:11情報漏えい対策アプリケーションパターンファイル1015272025/08/19 午後 01:00:44ダメージリカバリパターンファイル170022023/07/07 午後 07:27:09CIパターンファイル1.032.002023/07/07 午後 06:04:24グレー検出パターンファイル (64ビット)000036642023/07/07 午後 06:05:00グレー検出パターンファイル (32ビット)000036002023/07/07 午後 06:05:00スマートスキャンエージェントパターンファイル20.415.002025/08/26 午前 07:09:09メモリ検索実行パターンファイル (32ビット)0.017.002023/07/07 午後 07:27:00メモリ検索実行パターンファイル (64ビット)0.017.642023/07/07 午後 07:27:04グローバルC&C IPリスト1.10235.002023/07/07 午後 07:27:12適合度ルールパターンファイル (検査パターンファイル)1.10915.002023/09/28 午前 07:32:50スクリプトアナライザ共通パターンファイル193913.0.02025/08/08 午前 07:20:41メモリ検査パターンファイル1.584.002023/07/07 午後 07:25:48挙動監視検出パターンファイル (64ビット)4.429.642025/08/26 午前 07:13:09脅威追跡パターンファイル (32ビット)1508002025/08/20 午前 07:20:06脅威追跡パターンファイル (64ビット)1508642025/08/20 午前 07:20:11スパイウェア/グレーウェアパターンファイル2.865.002025/08/22 午前 07:10:58IntelliTrapパターンファイル0.253.002023/07/07 午後 07:25:27Webレピュテーションエンドポイントパターンファイル13000002023/07/07 午後 07:27:27Webレピュテーションエンドポイントパターンファイル (差分)12000322023/07/13 午後 06:38:01プログラム検査監視パターンファイル2931252025/08/14 午前 07:17:03IntelliTrap除外パターンファイル2.367.002025/08/20 午前 07:19:00高度な脅威相関パターンファイル1.112.002023/07/07 午後 07:26:03高度な脅威テレメトリパターンファイル3.230.002023/07/07 午後 06:05:00機械学習型検索ローカルモデル (ファイル検出)3.351.002025/08/25 午前 07:47:32スパイウェア/グレーウェアパターンファイル v.628.652025/08/22 午前 07:10:20
--------------------------------------------------

=== 2025-08-27 09:01:32 ===
概要ステータス結果: OK
=== ウイルスパターンファイル行 1 ===
要素テキスト: ウイルスパターンファイル
親要素テキスト: ウイルスパターンファイル
上位要素テキスト: ウイルスパターンファイル20.417.802025/08/27 午前 07:43:06
行全体テキスト: ウイルスパターンファイル20.417.802025/08/27 午前 07:43:06
テーブル情報: ファイアウォールパターンファイル103632023/09/13 午前 07:07:44ダメージクリーンナップテンプレート16342024/09/03 午前 07:54:29ウイルスパターンファイル20.417.802025/08/27 午前 07:43:06仮想パッチパターンファイル180492023/07/12 午前 06:42:45挙動監視ポリシーの説明1.253.002023/07/07 午後 07:26:52ブラウザ脆弱性対策パターンファイル7.5.15552023/07/07 午後 07:27:21ELAMパターンファイル (64ビット)482025/06/18 午前 07:08:48ELAMパターンファイル (32ビット)482025/06/18 午前 07:08:41挙動監視検出パターンファイル (32ビット)4.431.002025/08/27 午前 07:43:52挙動監視設定パターンファイル1.235.002023/07/07 午後 07:26:47ポリシー施行パターンファイル1.253.002023/07/07 午後 07:26:52デジタル署名パターンファイル2.069.002025/08/24 午前 07:20:11情報漏えい対策アプリケーションパターンファイル1015272025/08/19 午後 01:00:44ダメージリカバリパターンファイル170022023/07/07 午後 07:27:09CIパターンファイル1.032.002023/07/07 午後 06:04:24グレー検出パターンファイル (64ビット)000036642023/07/07 午後 06:05:00グレー検出パターンファイル (32ビット)000036002023/07/07 午後 06:05:00スマートスキャンエージェントパターンファイル20.417.002025/08/27 午前 07:37:57メモリ検索実行パターンファイル (32ビット)0.017.002023/07/07 午後 07:27:00メモリ検索実行パターンファイル (64ビット)0.017.642023/07/07 午後 07:27:04グローバルC&C IPリスト1.10235.002023/07/07 午後 07:27:12適合度ルールパターンファイル (検査パターンファイル)1.10915.002023/09/28 午前 07:32:50スクリプトアナライザ共通パターンファイル193913.0.02025/08/08 午前 07:20:41メモリ検査パターンファイル1.584.002023/07/07 午後 07:25:48挙動監視検出パターンファイル (64ビット)4.431.642025/08/27 午前 07:44:00脅威追跡パターンファイル (32ビット)1509002025/08/27 午前 07:44:17脅威追跡パターンファイル (64ビット)1509642025/08/27 午前 07:44:20スパイウェア/グレーウェアパターンファイル2.865.002025/08/22 午前 07:10:58IntelliTrapパターンファイル0.253.002023/07/07 午後 07:25:27Webレピュテーションエンドポイントパターンファイル13000002023/07/07 午後 07:27:27Webレピュテーションエンドポイントパターンファイル (差分)12000322023/07/13 午後 06:38:01プログラム検査監視パターンファイル2931252025/08/14 午前 07:17:03IntelliTrap除外パターンファイル2.369.002025/08/27 午前 07:43:36高度な脅威相関パターンファイル1.112.002023/07/07 午後 07:26:03高度な脅威テレメトリパターンファイル3.230.002023/07/07 午後 06:05:00機械学習型検索ローカルモデル (ファイル検出)3.353.002025/08/27 午前 07:44:48スパイウェア/グレーウェアパターンファイル v.628.652025/08/22 午前 07:10:20
--------------------------------------------------

=== 2025-08-28 09:01:36 ===
概要ステータス結果: OK
=== ウイルスパターンファイル行 1 ===
要素テキスト: ウイルスパターンファイル
親要素テキスト: ウイルスパターンファイル
上位要素テキスト: ウイルスパターンファイル20.419.802025/08/28 午前 07:16:41
行全体テキスト: ウイルスパターンファイル20.419.802025/08/28 午前 07:16:41
テーブル情報: ファイアウォールパターンファイル103632023/09/13 午前 07:07:44ダメージクリーンナップテンプレート16342024/09/03 午前 07:54:29ウイルスパターンファイル20.419.802025/08/28 午前 07:16:41仮想パッチパターンファイル180492023/07/12 午前 06:42:45挙動監視ポリシーの説明1.253.002023/07/07 午後 07:26:52ブラウザ脆弱性対策パターンファイル7.5.15552023/07/07 午後 07:27:21ELAMパターンファイル (64ビット)482025/06/18 午前 07:08:48ELAMパターンファイル (32ビット)482025/06/18 午前 07:08:41挙動監視検出パターンファイル (32ビット)4.433.002025/08/28 午前 07:17:01挙動監視設定パターンファイル1.235.002023/07/07 午後 07:26:47ポリシー施行パターンファイル1.253.002023/07/07 午後 07:26:52デジタル署名パターンファイル2.070.002025/08/28 午前 07:17:18情報漏えい対策アプリケーションパターンファイル1015272025/08/19 午後 01:00:44ダメージリカバリパターンファイル170022023/07/07 午後 07:27:09CIパターンファイル1.032.002023/07/07 午後 06:04:24グレー検出パターンファイル (64ビット)000036642023/07/07 午後 06:05:00グレー検出パターンファイル (32ビット)000036002023/07/07 午後 06:05:00スマートスキャンエージェントパターンファイル20.419.002025/08/28 午前 07:11:55メモリ検索実行パターンファイル (32ビット)0.017.002023/07/07 午後 07:27:00メモリ検索実行パターンファイル (64ビット)0.017.642023/07/07 午後 07:27:04グローバルC&C IPリスト1.10235.002023/07/07 午後 07:27:12適合度ルールパターンファイル (検査パターンファイル)1.10915.002023/09/28 午前 07:32:50スクリプトアナライザ共通パターンファイル193913.0.02025/08/08 午前 07:20:41メモリ検査パターンファイル1.584.002023/07/07 午後 07:25:48挙動監視検出パターンファイル (64ビット)4.433.642025/08/28 午前 07:17:09脅威追跡パターンファイル (32ビット)1509002025/08/27 午前 07:44:17脅威追跡パターンファイル (64ビット)1509642025/08/27 午前 07:44:20スパイウェア/グレーウェアパターンファイル2.865.002025/08/22 午前 07:10:58IntelliTrapパターンファイル0.253.002023/07/07 午後 07:25:27Webレピュテーションエンドポイントパターンファイル13000002023/07/07 午後 07:27:27Webレピュテーションエンドポイントパターンファイル (差分)12000322023/07/13 午後 06:38:01プログラム検査監視パターンファイル2931262025/08/28 午前 07:17:26IntelliTrap除外パターンファイル2.369.002025/08/27 午前 07:43:36高度な脅威相関パターンファイル1.112.002023/07/07 午後 07:26:03高度な脅威テレメトリパターンファイル3.230.002023/07/07 午後 06:05:00機械学習型検索ローカルモデル (ファイル検出)3.353.002025/08/27 午前 07:44:48スパイウェア/グレーウェアパターンファイル v.628.652025/08/22 午前 07:10:20
--------------------------------------------------

=== 2025-08-29 09:01:09 ===
概要ステータス結果: OK
=== ウイルスパターンファイル行 1 ===
要素テキスト: ウイルスパターンファイル
親要素テキスト: ウイルスパターンファイル
上位要素テキスト: ウイルスパターンファイル20.421.802025/08/29 午前 07:51:53
行全体テキスト: ウイルスパターンファイル20.421.802025/08/29 午前 07:51:53
テーブル情報: ファイアウォールパターンファイル103632023/09/13 午前 07:07:44ダメージクリーンナップテンプレート16342024/09/03 午前 07:54:29ウイルスパターンファイル20.421.802025/08/29 午前 07:51:53仮想パッチパターンファイル180492023/07/12 午前 06:42:45挙動監視ポリシーの説明1.253.002023/07/07 午後 07:26:52ブラウザ脆弱性対策パターンファイル7.5.15552023/07/07 午後 07:27:21ELAMパターンファイル (64ビット)482025/06/18 午前 07:08:48ELAMパターンファイル (32ビット)482025/06/18 午前 07:08:41挙動監視検出パターンファイル (32ビット)4.433.002025/08/28 午前 07:17:01挙動監視設定パターンファイル1.235.002023/07/07 午後 07:26:47ポリシー施行パターンファイル1.253.002023/07/07 午後 07:26:52デジタル署名パターンファイル2.070.002025/08/28 午前 07:17:18情報漏えい対策アプリケーションパターンファイル1015292025/08/28 午後 01:00:55ダメージリカバリパターンファイル170022023/07/07 午後 07:27:09CIパターンファイル1.032.002023/07/07 午後 06:04:24グレー検出パターンファイル (64ビット)000036642023/07/07 午後 06:05:00グレー検出パターンファイル (32ビット)000036002023/07/07 午後 06:05:00スマートスキャンエージェントパターンファイル20.421.002025/08/29 午前 07:38:33メモリ検索実行パターンファイル (32ビット)0.017.002023/07/07 午後 07:27:00メモリ検索実行パターンファイル (64ビット)0.017.642023/07/07 午後 07:27:04グローバルC&C IPリスト1.10235.002023/07/07 午後 07:27:12適合度ルールパターンファイル (検査パターンファイル)1.10915.002023/09/28 午前 07:32:50スクリプトアナライザ共通パターンファイル193913.0.02025/08/08 午前 07:20:41メモリ検査パターンファイル1.584.002023/07/07 午後 07:25:48挙動監視検出パターンファイル (64ビット)4.433.642025/08/28 午前 07:17:09脅威追跡パターンファイル (32ビット)1509002025/08/27 午前 07:44:17脅威追跡パターンファイル (64ビット)1509642025/08/27 午前 07:44:20スパイウェア/グレーウェアパターンファイル2.867.002025/08/29 午前 07:52:52IntelliTrapパターンファイル0.253.002023/07/07 午後 07:25:27Webレピュテーションエンドポイントパターンファイル13000002023/07/07 午後 07:27:27Webレピュテーションエンドポイントパターンファイル (差分)12000322023/07/13 午後 06:38:01プログラム検査監視パターンファイル2931262025/08/28 午前 07:17:26IntelliTrap除外パターンファイル2.369.002025/08/27 午前 07:43:36高度な脅威相関パターンファイル1.112.002023/07/07 午後 07:26:03高度な脅威テレメトリパターンファイル3.230.002023/07/07 午後 06:05:00機械学習型検索ローカルモデル (ファイル検出)3.355.002025/08/29 午前 07:53:49スパイウェア/グレーウェアパターンファイル v.628.672025/08/29 午前 07:52:16
--------------------------------------------------

=== 2025-08-29 15:30:17 ===
概要ステータス結果: OK
=== ウイルスパターンファイル行 1 ===
要素テキスト: ウイルスパターンファイル
親要素テキスト: ウイルスパターンファイル
上位要素テキスト: ウイルスパターンファイル20.421.802025/08/29 午前 07:51:53
行全体テキスト: ウイルスパターンファイル20.421.802025/08/29 午前 07:51:53
テーブル情報: ファイアウォールパターンファイル103632023/09/13 午前 07:07:44ダメージクリーンナップテンプレート16342024/09/03 午前 07:54:29ウイルスパターンファイル20.421.802025/08/29 午前 07:51:53仮想パッチパターンファイル180492023/07/12 午前 06:42:45挙動監視ポリシーの説明1.253.002023/07/07 午後 07:26:52ブラウザ脆弱性対策パターンファイル7.5.15552023/07/07 午後 07:27:21ELAMパターンファイル (64ビット)482025/06/18 午前 07:08:48ELAMパターンファイル (32ビット)482025/06/18 午前 07:08:41挙動監視検出パターンファイル (32ビット)4.433.002025/08/28 午前 07:17:01挙動監視設定パターンファイル1.235.002023/07/07 午後 07:26:47ポリシー施行パターンファイル1.253.002023/07/07 午後 07:26:52デジタル署名パターンファイル2.070.002025/08/28 午前 07:17:18情報漏えい対策アプリケーションパターンファイル1015292025/08/28 午後 01:00:55ダメージリカバリパターンファイル170022023/07/07 午後 07:27:09CIパターンファイル1.032.002023/07/07 午後 06:04:24グレー検出パターンファイル (64ビット)000036642023/07/07 午後 06:05:00グレー検出パターンファイル (32ビット)000036002023/07/07 午後 06:05:00スマートスキャンエージェントパターンファイル20.421.002025/08/29 午前 07:38:33メモリ検索実行パターンファイル (32ビット)0.017.002023/07/07 午後 07:27:00メモリ検索実行パターンファイル (64ビット)0.017.642023/07/07 午後 07:27:04グローバルC&C IPリスト1.10235.002023/07/07 午後 07:27:12適合度ルールパターンファイル (検査パターンファイル)1.10915.002023/09/28 午前 07:32:50スクリプトアナライザ共通パターンファイル193913.0.02025/08/08 午前 07:20:41メモリ検査パターンファイル1.584.002023/07/07 午後 07:25:48挙動監視検出パターンファイル (64ビット)4.433.642025/08/28 午前 07:17:09脅威追跡パターンファイル (32ビット)1509002025/08/27 午前 07:44:17脅威追跡パターンファイル (64ビット)1509642025/08/27 午前 07:44:20スパイウェア/グレーウェアパターンファイル2.867.002025/08/29 午前 07:52:52IntelliTrapパターンファイル0.253.002023/07/07 午後 07:25:27Webレピュテーションエンドポイントパターンファイル13000002023/07/07 午後 07:27:27Webレピュテーションエンドポイントパターンファイル (差分)12000322023/07/13 午後 06:38:01プログラム検査監視パターンファイル2931262025/08/28 午前 07:17:26IntelliTrap除外パターンファイル2.369.002025/08/27 午前 07:43:36高度な脅威相関パターンファイル1.112.002023/07/07 午後 07:26:03高度な脅威テレメトリパターンファイル3.230.002023/07/07 午後 06:05:00機械学習型検索ローカルモデル (ファイル検出)3.355.002025/08/29 午前 07:53:49スパイウェア/グレーウェアパターンファイル v.628.672025/08/29 午前 07:52:16
--------------------------------------------------

=== 2025-08-29 15:33:43 ===
概要ステータス結果: OK
=== ウイルスパターンファイル行 1 ===
要素テキスト: ウイルスパターンファイル
親要素テキスト: ウイルスパターンファイル
上位要素テキスト: ウイルスパターンファイル20.421.802025/08/29 午前 07:51:53
行全体テキスト: ウイルスパターンファイル20.421.802025/08/29 午前 07:51:53
テーブル情報: ファイアウォールパターンファイル103632023/09/13 午前 07:07:44ダメージクリーンナップテンプレート16342024/09/03 午前 07:54:29ウイルスパターンファイル20.421.802025/08/29 午前 07:51:53仮想パッチパターンファイル180492023/07/12 午前 06:42:45挙動監視ポリシーの説明1.253.002023/07/07 午後 07:26:52ブラウザ脆弱性対策パターンファイル7.5.15552023/07/07 午後 07:27:21ELAMパターンファイル (64ビット)482025/06/18 午前 07:08:48ELAMパターンファイル (32ビット)482025/06/18 午前 07:08:41挙動監視検出パターンファイル (32ビット)4.433.002025/08/28 午前 07:17:01挙動監視設定パターンファイル1.235.002023/07/07 午後 07:26:47ポリシー施行パターンファイル1.253.002023/07/07 午後 07:26:52デジタル署名パターンファイル2.070.002025/08/28 午前 07:17:18情報漏えい対策アプリケーションパターンファイル1015292025/08/28 午後 01:00:55ダメージリカバリパターンファイル170022023/07/07 午後 07:27:09CIパターンファイル1.032.002023/07/07 午後 06:04:24グレー検出パターンファイル (64ビット)000036642023/07/07 午後 06:05:00グレー検出パターンファイル (32ビット)000036002023/07/07 午後 06:05:00スマートスキャンエージェントパターンファイル20.421.002025/08/29 午前 07:38:33メモリ検索実行パターンファイル (32ビット)0.017.002023/07/07 午後 07:27:00メモリ検索実行パターンファイル (64ビット)0.017.642023/07/07 午後 07:27:04グローバルC&C IPリスト1.10235.002023/07/07 午後 07:27:12適合度ルールパターンファイル (検査パターンファイル)1.10915.002023/09/28 午前 07:32:50スクリプトアナライザ共通パターンファイル193913.0.02025/08/08 午前 07:20:41メモリ検査パターンファイル1.584.002023/07/07 午後 07:25:48挙動監視検出パターンファイル (64ビット)4.433.642025/08/28 午前 07:17:09脅威追跡パターンファイル (32ビット)1509002025/08/27 午前 07:44:17脅威追跡パターンファイル (64ビット)1509642025/08/27 午前 07:44:20スパイウェア/グレーウェアパターンファイル2.867.002025/08/29 午前 07:52:52IntelliTrapパターンファイル0.253.002023/07/07 午後 07:25:27Webレピュテーションエンドポイントパターンファイル13000002023/07/07 午後 07:27:27Webレピュテーションエンドポイントパターンファイル (差分)12000322023/07/13 午後 06:38:01プログラム検査監視パターンファイル2931262025/08/28 午前 07:17:26IntelliTrap除外パターンファイル2.369.002025/08/27 午前 07:43:36高度な脅威相関パターンファイル1.112.002023/07/07 午後 07:26:03高度な脅威テレメトリパターンファイル3.230.002023/07/07 午後 06:05:00機械学習型検索ローカルモデル (ファイル検出)3.355.002025/08/29 午前 07:53:49スパイウェア/グレーウェアパターンファイル v.628.672025/08/29 午前 07:52:16
--------------------------------------------------

=== 2025-08-29 18:28:06 ===
概要ステータス結果: OK
=== ウイルスパターンファイル行 1 ===
要素テキスト: ウイルスパターンファイル
親要素テキスト: ウイルスパターンファイル
上位要素テキスト: ウイルスパターンファイル20.421.802025/08/29 午前 07:51:53
行全体テキスト: ウイルスパターンファイル20.421.802025/08/29 午前 07:51:53
テーブル情報: ファイアウォールパターンファイル103632023/09/13 午前 07:07:44ダメージクリーンナップテンプレート16342024/09/03 午前 07:54:29ウイルスパターンファイル20.421.802025/08/29 午前 07:51:53仮想パッチパターンファイル180492023/07/12 午前 06:42:45挙動監視ポリシーの説明1.253.002023/07/07 午後 07:26:52ブラウザ脆弱性対策パターンファイル7.5.15552023/07/07 午後 07:27:21ELAMパターンファイル (64ビット)482025/06/18 午前 07:08:48ELAMパターンファイル (32ビット)482025/06/18 午前 07:08:41挙動監視検出パターンファイル (32ビット)4.433.002025/08/28 午前 07:17:01挙動監視設定パターンファイル1.235.002023/07/07 午後 07:26:47ポリシー施行パターンファイル1.253.002023/07/07 午後 07:26:52デジタル署名パターンファイル2.070.002025/08/28 午前 07:17:18情報漏えい対策アプリケーションパターンファイル1015292025/08/28 午後 01:00:55ダメージリカバリパターンファイル170022023/07/07 午後 07:27:09CIパターンファイル1.032.002023/07/07 午後 06:04:24グレー検出パターンファイル (64ビット)000036642023/07/07 午後 06:05:00グレー検出パターンファイル (32ビット)000036002023/07/07 午後 06:05:00スマートスキャンエージェントパターンファイル20.421.002025/08/29 午前 07:38:33メモリ検索実行パターンファイル (32ビット)0.017.002023/07/07 午後 07:27:00メモリ検索実行パターンファイル (64ビット)0.017.642023/07/07 午後 07:27:04グローバルC&C IPリスト1.10235.002023/07/07 午後 07:27:12適合度ルールパターンファイル (検査パターンファイル)1.10915.002023/09/28 午前 07:32:50スクリプトアナライザ共通パターンファイル193913.0.02025/08/08 午前 07:20:41メモリ検査パターンファイル1.584.002023/07/07 午後 07:25:48挙動監視検出パターンファイル (64ビット)4.433.642025/08/28 午前 07:17:09脅威追跡パターンファイル (32ビット)1509002025/08/27 午前 07:44:17脅威追跡パターンファイル (64ビット)1509642025/08/27 午前 07:44:20スパイウェア/グレーウェアパターンファイル2.867.002025/08/29 午前 07:52:52IntelliTrapパターンファイル0.253.002023/07/07 午後 07:25:27Webレピュテーションエンドポイントパターンファイル13000002023/07/07 午後 07:27:27Webレピュテーションエンドポイントパターンファイル (差分)12000322023/07/13 午後 06:38:01プログラム検査監視パターンファイル2931262025/08/28 午前 07:17:26IntelliTrap除外パターンファイル2.369.002025/08/27 午前 07:43:36高度な脅威相関パターンファイル1.112.002023/07/07 午後 07:26:03高度な脅威テレメトリパターンファイル3.230.002023/07/07 午後 06:05:00機械学習型検索ローカルモデル (ファイル検出)3.355.002025/08/29 午前 07:53:49スパイウェア/グレーウェアパターンファイル v.628.672025/08/29 午前 07:52:16
--------------------------------------------------

=== 2025-08-29 18:32:57 ===
概要ステータス結果: OK
=== ウイルスパターンファイル行 1 ===
要素テキスト: ウイルスパターンファイル
親要素テキスト: ウイルスパターンファイル
上位要素テキスト: ウイルスパターンファイル20.421.802025/08/29 午前 07:51:53
行全体テキスト: ウイルスパターンファイル20.421.802025/08/29 午前 07:51:53
テーブル情報: ファイアウォールパターンファイル103632023/09/13 午前 07:07:44ダメージクリーンナップテンプレート16342024/09/03 午前 07:54:29ウイルスパターンファイル20.421.802025/08/29 午前 07:51:53仮想パッチパターンファイル180492023/07/12 午前 06:42:45挙動監視ポリシーの説明1.253.002023/07/07 午後 07:26:52ブラウザ脆弱性対策パターンファイル7.5.15552023/07/07 午後 07:27:21ELAMパターンファイル (64ビット)482025/06/18 午前 07:08:48ELAMパターンファイル (32ビット)482025/06/18 午前 07:08:41挙動監視検出パターンファイル (32ビット)4.433.002025/08/28 午前 07:17:01挙動監視設定パターンファイル1.235.002023/07/07 午後 07:26:47ポリシー施行パターンファイル1.253.002023/07/07 午後 07:26:52デジタル署名パターンファイル2.070.002025/08/28 午前 07:17:18情報漏えい対策アプリケーションパターンファイル1015292025/08/28 午後 01:00:55ダメージリカバリパターンファイル170022023/07/07 午後 07:27:09CIパターンファイル1.032.002023/07/07 午後 06:04:24グレー検出パターンファイル (64ビット)000036642023/07/07 午後 06:05:00グレー検出パターンファイル (32ビット)000036002023/07/07 午後 06:05:00スマートスキャンエージェントパターンファイル20.421.002025/08/29 午前 07:38:33メモリ検索実行パターンファイル (32ビット)0.017.002023/07/07 午後 07:27:00メモリ検索実行パターンファイル (64ビット)0.017.642023/07/07 午後 07:27:04グローバルC&C IPリスト1.10235.002023/07/07 午後 07:27:12適合度ルールパターンファイル (検査パターンファイル)1.10915.002023/09/28 午前 07:32:50スクリプトアナライザ共通パターンファイル193913.0.02025/08/08 午前 07:20:41メモリ検査パターンファイル1.584.002023/07/07 午後 07:25:48挙動監視検出パターンファイル (64ビット)4.433.642025/08/28 午前 07:17:09脅威追跡パターンファイル (32ビット)1509002025/08/27 午前 07:44:17脅威追跡パターンファイル (64ビット)1509642025/08/27 午前 07:44:20スパイウェア/グレーウェアパターンファイル2.867.002025/08/29 午前 07:52:52IntelliTrapパターンファイル0.253.002023/07/07 午後 07:25:27Webレピュテーションエンドポイントパターンファイル13000002023/07/07 午後 07:27:27Webレピュテーションエンドポイントパターンファイル (差分)12000322023/07/13 午後 06:38:01プログラム検査監視パターンファイル2931262025/08/28 午前 07:17:26IntelliTrap除外パターンファイル2.369.002025/08/27 午前 07:43:36高度な脅威相関パターンファイル1.112.002023/07/07 午後 07:26:03高度な脅威テレメトリパターンファイル3.230.002023/07/07 午後 06:05:00機械学習型検索ローカルモデル (ファイル検出)3.355.002025/08/29 午前 07:53:49スパイウェア/グレーウェアパターンファイル v.628.672025/08/29 午前 07:52:16
--------------------------------------------------

=== 2025-08-30 09:01:05 ===
概要ステータス結果: OK
=== ウイルスパターンファイル行 1 ===
要素テキスト: ウイルスパターンファイル
親要素テキスト: ウイルスパターンファイル
上位要素テキスト: ウイルスパターンファイル20.423.802025/08/30 午前 07:16:07
行全体テキスト: ウイルスパターンファイル20.423.802025/08/30 午前 07:16:07
テーブル情報: ファイアウォールパターンファイル103632023/09/13 午前 07:07:44ダメージクリーンナップテンプレート16342024/09/03 午前 07:54:29ウイルスパターンファイル20.423.802025/08/30 午前 07:16:07仮想パッチパターンファイル180492023/07/12 午前 06:42:45挙動監視ポリシーの説明1.253.002023/07/07 午後 07:26:52ブラウザ脆弱性対策パターンファイル7.5.15552023/07/07 午後 07:27:21ELAMパターンファイル (64ビット)482025/06/18 午前 07:08:48ELAMパターンファイル (32ビット)482025/06/18 午前 07:08:41挙動監視検出パターンファイル (32ビット)4.433.002025/08/28 午前 07:17:01挙動監視設定パターンファイル1.235.002023/07/07 午後 07:26:47ポリシー施行パターンファイル1.253.002023/07/07 午後 07:26:52デジタル署名パターンファイル2.070.002025/08/28 午前 07:17:18情報漏えい対策アプリケーションパターンファイル1015292025/08/28 午後 01:00:55ダメージリカバリパターンファイル170022023/07/07 午後 07:27:09CIパターンファイル1.032.002023/07/07 午後 06:04:24グレー検出パターンファイル (64ビット)000036642023/07/07 午後 06:05:00グレー検出パターンファイル (32ビット)000036002023/07/07 午後 06:05:00スマートスキャンエージェントパターンファイル20.423.002025/08/30 午前 07:06:33メモリ検索実行パターンファイル (32ビット)0.017.002023/07/07 午後 07:27:00メモリ検索実行パターンファイル (64ビット)0.017.642023/07/07 午後 07:27:04グローバルC&C IPリスト1.10235.002023/07/07 午後 07:27:12適合度ルールパターンファイル (検査パターンファイル)1.10915.002023/09/28 午前 07:32:50スクリプトアナライザ共通パターンファイル193913.0.02025/08/08 午前 07:20:41メモリ検査パターンファイル1.584.002023/07/07 午後 07:25:48挙動監視検出パターンファイル (64ビット)4.433.642025/08/28 午前 07:17:09脅威追跡パターンファイル (32ビット)1509002025/08/27 午前 07:44:17脅威追跡パターンファイル (64ビット)1509642025/08/27 午前 07:44:20スパイウェア/グレーウェアパターンファイル2.867.002025/08/29 午前 07:52:52IntelliTrapパターンファイル0.253.002023/07/07 午後 07:25:27Webレピュテーションエンドポイントパターンファイル13000002023/07/07 午後 07:27:27Webレピュテーションエンドポイントパターンファイル (差分)12000322023/07/13 午後 06:38:01プログラム検査監視パターンファイル2931262025/08/28 午前 07:17:26IntelliTrap除外パターンファイル2.369.002025/08/27 午前 07:43:36高度な脅威相関パターンファイル1.112.002023/07/07 午後 07:26:03高度な脅威テレメトリパターンファイル3.230.002023/07/07 午後 06:05:00機械学習型検索ローカルモデル (ファイル検出)3.355.002025/08/29 午前 07:53:49スパイウェア/グレーウェアパターンファイル v.628.672025/08/29 午前 07:52:16
--------------------------------------------------

=== 2025-09-01 10:00:13 ===
概要ステータス結果: OK
=== ウイルスパターンファイル行 1 ===
要素テキスト: ウイルスパターンファイル
親要素テキスト: ウイルスパターンファイル
上位要素テキスト: ウイルスパターンファイル20.427.802025/09/01 午前 07:09:25
行全体テキスト: ウイルスパターンファイル20.427.802025/09/01 午前 07:09:25
テーブル情報: ファイアウォールパターンファイル103632023/09/13 午前 07:07:44ダメージクリーンナップテンプレート16342024/09/03 午前 07:54:29ウイルスパターンファイル20.427.802025/09/01 午前 07:09:25仮想パッチパターンファイル180492023/07/12 午前 06:42:45挙動監視ポリシーの説明1.253.002023/07/07 午後 07:26:52ブラウザ脆弱性対策パターンファイル7.5.15552023/07/07 午後 07:27:21ELAMパターンファイル (64ビット)482025/06/18 午前 07:08:48ELAMパターンファイル (32ビット)482025/06/18 午前 07:08:41挙動監視検出パターンファイル (32ビット)4.433.002025/08/28 午前 07:17:01挙動監視設定パターンファイル1.235.002023/07/07 午後 07:26:47ポリシー施行パターンファイル1.253.002023/07/07 午後 07:26:52デジタル署名パターンファイル2.070.002025/08/28 午前 07:17:18情報漏えい対策アプリケーションパターンファイル1015292025/08/28 午後 01:00:55ダメージリカバリパターンファイル170022023/07/07 午後 07:27:09CIパターンファイル1.032.002023/07/07 午後 06:04:24グレー検出パターンファイル (64ビット)000036642023/07/07 午後 06:05:00グレー検出パターンファイル (32ビット)000036002023/07/07 午後 06:05:00スマートスキャンエージェントパターンファイル20.427.002025/09/01 午前 07:06:32メモリ検索実行パターンファイル (32ビット)0.017.002023/07/07 午後 07:27:00メモリ検索実行パターンファイル (64ビット)0.017.642023/07/07 午後 07:27:04グローバルC&C IPリスト1.10235.002023/07/07 午後 07:27:12適合度ルールパターンファイル (検査パターンファイル)1.10915.002023/09/28 午前 07:32:50スクリプトアナライザ共通パターンファイル193913.0.02025/08/08 午前 07:20:41メモリ検査パターンファイル1.584.002023/07/07 午後 07:25:48挙動監視検出パターンファイル (64ビット)4.433.642025/08/28 午前 07:17:09脅威追跡パターンファイル (32ビット)1509002025/08/27 午前 07:44:17脅威追跡パターンファイル (64ビット)1509642025/08/27 午前 07:44:20スパイウェア/グレーウェアパターンファイル2.867.002025/08/29 午前 07:52:52IntelliTrapパターンファイル0.253.002023/07/07 午後 07:25:27Webレピュテーションエンドポイントパターンファイル13000002023/07/07 午後 07:27:27Webレピュテーションエンドポイントパターンファイル (差分)12000322023/07/13 午後 06:38:01プログラム検査監視パターンファイル2931262025/08/28 午前 07:17:26IntelliTrap除外パターンファイル2.369.002025/08/27 午前 07:43:36高度な脅威相関パターンファイル1.112.002023/07/07 午後 07:26:03高度な脅威テレメトリパターンファイル3.230.002023/07/07 午後 06:05:00機械学習型検索ローカルモデル (ファイル検出)3.357.002025/08/31 午後 01:01:01スパイウェア/グレーウェアパターンファイル v.628.672025/08/29 午前 07:52:16
--------------------------------------------------

=== 2025-09-01 17:59:49 ===
概要ステータス結果: OK
=== ウイルスパターンファイル行 1 ===
要素テキスト: ウイルスパターンファイル
親要素テキスト: ウイルスパターンファイル
上位要素テキスト: ウイルスパターンファイル20.427.802025/09/01 午前 07:09:25
行全体テキスト: ウイルスパターンファイル20.427.802025/09/01 午前 07:09:25
テーブル情報: ファイアウォールパターンファイル103632023/09/13 午前 07:07:44ダメージクリーンナップテンプレート16342024/09/03 午前 07:54:29ウイルスパターンファイル20.427.802025/09/01 午前 07:09:25仮想パッチパターンファイル180492023/07/12 午前 06:42:45挙動監視ポリシーの説明1.253.002023/07/07 午後 07:26:52ブラウザ脆弱性対策パターンファイル7.5.15552023/07/07 午後 07:27:21ELAMパターンファイル (64ビット)482025/06/18 午前 07:08:48ELAMパターンファイル (32ビット)482025/06/18 午前 07:08:41挙動監視検出パターンファイル (32ビット)4.433.002025/08/28 午前 07:17:01挙動監視設定パターンファイル1.235.002023/07/07 午後 07:26:47ポリシー施行パターンファイル1.253.002023/07/07 午後 07:26:52デジタル署名パターンファイル2.070.002025/08/28 午前 07:17:18情報漏えい対策アプリケーションパターンファイル1015292025/08/28 午後 01:00:55ダメージリカバリパターンファイル170022023/07/07 午後 07:27:09CIパターンファイル1.032.002023/07/07 午後 06:04:24グレー検出パターンファイル (64ビット)000036642023/07/07 午後 06:05:00グレー検出パターンファイル (32ビット)000036002023/07/07 午後 06:05:00スマートスキャンエージェントパターンファイル20.427.002025/09/01 午前 07:06:32メモリ検索実行パターンファイル (32ビット)0.017.002023/07/07 午後 07:27:00メモリ検索実行パターンファイル (64ビット)0.017.642023/07/07 午後 07:27:04グローバルC&C IPリスト1.10235.002023/07/07 午後 07:27:12適合度ルールパターンファイル (検査パターンファイル)1.10915.002023/09/28 午前 07:32:50スクリプトアナライザ共通パターンファイル193913.0.02025/08/08 午前 07:20:41メモリ検査パターンファイル1.584.002023/07/07 午後 07:25:48挙動監視検出パターンファイル (64ビット)4.433.642025/08/28 午前 07:17:09脅威追跡パターンファイル (32ビット)1509002025/08/27 午前 07:44:17脅威追跡パターンファイル (64ビット)1509642025/08/27 午前 07:44:20スパイウェア/グレーウェアパターンファイル2.867.002025/08/29 午前 07:52:52IntelliTrapパターンファイル0.253.002023/07/07 午後 07:25:27Webレピュテーションエンドポイントパターンファイル13000002023/07/07 午後 07:27:27Webレピュテーションエンドポイントパターンファイル (差分)12000322023/07/13 午後 06:38:01プログラム検査監視パターンファイル2931262025/08/28 午前 07:17:26IntelliTrap除外パターンファイル2.369.002025/08/27 午前 07:43:36高度な脅威相関パターンファイル1.112.002023/07/07 午後 07:26:03高度な脅威テレメトリパターンファイル3.230.002023/07/07 午後 06:05:00機械学習型検索ローカルモデル (ファイル検出)3.358.002025/09/01 午後 01:01:23スパイウェア/グレーウェアパターンファイル v.628.672025/08/29 午前 07:52:16
--------------------------------------------------

=== 2025-09-01 18:23:09 ===
概要ステータス結果: OK
=== ウイルスパターンファイル行 1 ===
要素テキスト: ウイルスパターンファイル
親要素テキスト: ウイルスパターンファイル
上位要素テキスト: ウイルスパターンファイル20.427.802025/09/01 午前 07:09:25
行全体テキスト: ウイルスパターンファイル20.427.802025/09/01 午前 07:09:25
テーブル情報: ファイアウォールパターンファイル103632023/09/13 午前 07:07:44ダメージクリーンナップテンプレート16342024/09/03 午前 07:54:29ウイルスパターンファイル20.427.802025/09/01 午前 07:09:25仮想パッチパターンファイル180492023/07/12 午前 06:42:45挙動監視ポリシーの説明1.253.002023/07/07 午後 07:26:52ブラウザ脆弱性対策パターンファイル7.5.15552023/07/07 午後 07:27:21ELAMパターンファイル (64ビット)482025/06/18 午前 07:08:48ELAMパターンファイル (32ビット)482025/06/18 午前 07:08:41挙動監視検出パターンファイル (32ビット)4.433.002025/08/28 午前 07:17:01挙動監視設定パターンファイル1.235.002023/07/07 午後 07:26:47ポリシー施行パターンファイル1.253.002023/07/07 午後 07:26:52デジタル署名パターンファイル2.070.002025/08/28 午前 07:17:18情報漏えい対策アプリケーションパターンファイル1015292025/08/28 午後 01:00:55ダメージリカバリパターンファイル170022023/07/07 午後 07:27:09CIパターンファイル1.032.002023/07/07 午後 06:04:24グレー検出パターンファイル (64ビット)000036642023/07/07 午後 06:05:00グレー検出パターンファイル (32ビット)000036002023/07/07 午後 06:05:00スマートスキャンエージェントパターンファイル20.427.002025/09/01 午前 07:06:32メモリ検索実行パターンファイル (32ビット)0.017.002023/07/07 午後 07:27:00メモリ検索実行パターンファイル (64ビット)0.017.642023/07/07 午後 07:27:04グローバルC&C IPリスト1.10235.002023/07/07 午後 07:27:12適合度ルールパターンファイル (検査パターンファイル)1.10915.002023/09/28 午前 07:32:50スクリプトアナライザ共通パターンファイル193913.0.02025/08/08 午前 07:20:41メモリ検査パターンファイル1.584.002023/07/07 午後 07:25:48挙動監視検出パターンファイル (64ビット)4.433.642025/08/28 午前 07:17:09脅威追跡パターンファイル (32ビット)1509002025/08/27 午前 07:44:17脅威追跡パターンファイル (64ビット)1509642025/08/27 午前 07:44:20スパイウェア/グレーウェアパターンファイル2.867.002025/08/29 午前 07:52:52IntelliTrapパターンファイル0.253.002023/07/07 午後 07:25:27Webレピュテーションエンドポイントパターンファイル13000002023/07/07 午後 07:27:27Webレピュテーションエンドポイントパターンファイル (差分)12000322023/07/13 午後 06:38:01プログラム検査監視パターンファイル2931262025/08/28 午前 07:17:26IntelliTrap除外パターンファイル2.369.002025/08/27 午前 07:43:36高度な脅威相関パターンファイル1.112.002023/07/07 午後 07:26:03高度な脅威テレメトリパターンファイル3.230.002023/07/07 午後 06:05:00機械学習型検索ローカルモデル (ファイル検出)3.358.002025/09/01 午後 01:01:23スパイウェア/グレーウェアパターンファイル v.628.672025/08/29 午前 07:52:16
--------------------------------------------------
